<?xml version="1.0" encoding="UTF-8"?>
<!-- Generated by org.testng.reporters.JUnitXMLReporter -->
<testsuite hostname="DESKTOP-S3OQJFC" name="Test" tests="3" failures="1" timestamp="23 Mar 2021 02:21:43 GMT" time="19.559" errors="0">
  <testcase name="verifyHomePage" time="0.069" classname="tests.HomePageTests"/>
  <testcase name="verifySignIn" time="3.662" classname="tests.HomePageTests"/>
  <testcase name="verifyLoginWithInvalidCredentials" time="0.0" classname="tests.LoginPageTests">
    <failure type="java.lang.NullPointerException">
      <![CDATA[java.lang.NullPointerException
	at tests.LoginPageTests.verifyLoginWithInvalidCredentials(LoginPageTests.java:13)
... Removed 28 stack frames]]>
    </failure>
  </testcase> <!-- verifyLoginWithInvalidCredentials -->
</testsuite> <!-- Test -->
