-------------------------------------------------------------------------------
Test set: TestSuite
-------------------------------------------------------------------------------
Tests run: 3, Failures: 1, Errors: 0, Skipped: 0, Time elapsed: 20.945 s <<< FAILURE! - in TestSuite
tests.LoginPageTests.verifyLoginWithInvalidCredentials  Time elapsed: 0.032 s  <<< FAILURE!
java.lang.NullPointerException
	at tests.LoginPageTests.verifyLoginWithInvalidCredentials(LoginPageTests.java:13)

