<?xml version="1.0" encoding="UTF-8"?>
<testsuite xmlns:xsi="http://www.w3.org/2001/XMLSchema-instance" xsi:noNamespaceSchemaLocation="https://maven.apache.org/surefire/maven-surefire-plugin/xsd/surefire-test-report-3.0.xsd" version="3.0" name="TestSuite" time="20.945" tests="3" errors="0" skipped="0" failures="1">
  <properties>
[...]
</properties>
  <testcase name="verifyHomePage" classname="tests.HomePageTests" time="0.007">
    <system-out><![CDATA[==> Setting up browser path
==> Initalizing browser..
redirecting to the applicaiton
Maximizing the browser..
Clearing browser cookies..
 I am on HomePage ..
Verifying the HomePage title..
]]></system-out>
    <system-err><![CDATA[Starting ChromeDriver 88.0.4324.96 (68dba2d8a0b149a1d3afac56fa74648032bcf46b-refs/branch-heads/4324@{#1784}) on port 24415
Only local connections are allowed.
Please see https://chromedriver.chromium.org/security-considerations for suggestions on keeping ChromeDriver safe.
ChromeDriver was started successfully.
[1616466088.706][WARNING]: This version of ChromeDriver has not been tested with Chrome version 89.
Mar 23, 2021 7:51:29 AM org.openqa.selenium.remote.ProtocolHandshake createSession
INFO: Detected dialect: W3C
]]></system-err>
  </testcase>
  <testcase name="verifySignIn" classname="tests.HomePageTests" time="3.61">
    <system-out><![CDATA[I am on Home Page
Redirecting to LoginPage
]]></system-out>
  </testcase>
  <testcase name="verifyLoginWithInvalidCredentials" classname="tests.LoginPageTests" time="0.032">
    <failure type="java.lang.NullPointerException"><![CDATA[java.lang.NullPointerException
	at tests.LoginPageTests.verifyLoginWithInvalidCredentials(LoginPageTests.java:13)
]]></failure>
  </testcase>
</testsuite>